# JRE version: OpenJDK Runtime Environment (8.0_212-b04) (build 1.8.0_212-release-1586-b04)
# Java VM: OpenJDK 64-Bit Server VM (25.212-b04 mixed mode windows-amd64 compressed oops)
Heap:
 PSYoungGen      total 385536K, used 8128K [0x00000000e0000000, 0x00000000fbb80000, 0x0000000100000000)
  eden space 361472K, 0% used [0x00000000e0000000,0x00000000e0000000,0x00000000f6100000)
  from space 24064K, 33% used [0x00000000f6100000,0x00000000f68f0040,0x00000000f7880000)
  to   space 24064K, 0% used [0x00000000fa400000,0x00000000fa400000,0x00000000fbb80000)
 ParOldGen       total 135168K, used 123047K [0x00000000a0000000, 0x00000000a8400000, 0x00000000e0000000)
  object space 135168K, 91% used [0x00000000a0000000,0x00000000a7829c70,0x00000000a8400000)
 Metaspace       used 89553K, capacity 93881K, committed 94232K, reserved 1130496K
  class space    used 11420K, capacity 12228K, committed 12328K, reserved 1048576K
GC Heap History (10 events):
Event: 4010.207 GC heap after
Heap after GC invocations=46 (full 3):
 PSYoungGen      total 309760K, used 8622K [0x00000000e0000000, 0x00000000f6c00000, 0x0000000100000000)
  eden space 283136K, 0% used [0x00000000e0000000,0x00000000e0000000,0x00000000f1480000)
  from space 26624K, 32% used [0x00000000f1480000,0x00000000f1ceb830,0x00000000f2e80000)
  to   space 26112K, 0% used [0x00000000f5280000,0x00000000f5280000,0x00000000f6c00000)
 ParOldGen       total 135168K, used 89892K [0x00000000a0000000, 0x00000000a8400000, 0x00000000e0000000)
  object space 135168K, 66% used [0x00000000a0000000,0x00000000a57c9388,0x00000000a8400000)
 Metaspace       used 89488K, capacity 93783K, committed 93976K, reserved 1130496K
  class space    used 11415K, capacity 12223K, committed 12328K, reserved 1048576K
}
Event: 4011.646 GC heap before
{Heap before GC invocations=47 (full 3):
 PSYoungGen      total 309760K, used 291758K [0x00000000e0000000, 0x00000000f6c00000, 0x0000000100000000)
  eden space 283136K, 100% used [0x00000000e0000000,0x00000000f1480000,0x00000000f1480000)
  from space 26624K, 32% used [0x00000000f1480000,0x00000000f1ceb830,0x00000000f2e80000)
  to   space 26112K, 0% used [0x00000000f5280000,0x00000000f5280000,0x00000000f6c00000)
 ParOldGen       total 135168K, used 89892K [0x00000000a0000000, 0x00000000a8400000, 0x00000000e0000000)
  object space 135168K, 66% used [0x00000000a0000000,0x00000000a57c9388,0x00000000a8400000)
 Metaspace       used 89500K, capacity 93787K, committed 93976K, reserved 1130496K
  class space    used 11415K, capacity 12223K, committed 12328K, reserved 1048576K
Event: 4011.683 GC heap after
Heap after GC invocations=47 (full 3):
 PSYoungGen      total 344576K, used 15877K [0x00000000e0000000, 0x00000000f6b00000, 0x0000000100000000)
  eden space 319488K, 0% used [0x00000000e0000000,0x00000000e0000000,0x00000000f3800000)
  from space 25088K, 63% used [0x00000000f5280000,0x00000000f6201590,0x00000000f6b00000)
  to   space 26112K, 0% used [0x00000000f3800000,0x00000000f3800000,0x00000000f5180000)
 ParOldGen       total 135168K, used 93297K [0x00000000a0000000, 0x00000000a8400000, 0x00000000e0000000)
  object space 135168K, 69% used [0x00000000a0000000,0x00000000a5b1c758,0x00000000a8400000)
 Metaspace       used 89500K, capacity 93787K, committed 93976K, reserved 1130496K
  class space    used 11415K, capacity 12223K, committed 12328K, reserved 1048576K
}
Event: 4014.277 GC heap before
{Heap before GC invocations=48 (full 3):
 PSYoungGen      total 344576K, used 335365K [0x00000000e0000000, 0x00000000f6b00000, 0x0000000100000000)
  eden space 319488K, 100% used [0x00000000e0000000,0x00000000f3800000,0x00000000f3800000)
  from space 25088K, 63% used [0x00000000f5280000,0x00000000f6201590,0x00000000f6b00000)
  to   space 26112K, 0% used [0x00000000f3800000,0x00000000f3800000,0x00000000f5180000)
 ParOldGen       total 135168K, used 93297K [0x00000000a0000000, 0x00000000a8400000, 0x00000000e0000000)
  object space 135168K, 69% used [0x00000000a0000000,0x00000000a5b1c758,0x00000000a8400000)
 Metaspace       used 89529K, capacity 93817K, committed 93976K, reserved 1130496K
  class space    used 11417K, capacity 12228K, committed 12328K, reserved 1048576K
Event: 4014.412 GC heap after
Heap after GC invocations=48 (full 3):
 PSYoungGen      total 345600K, used 11654K [0x00000000e0000000, 0x00000000f9380000, 0x0000000100000000)
  eden space 319488K, 0% used [0x00000000e0000000,0x00000000e0000000,0x00000000f3800000)
  from space 26112K, 44% used [0x00000000f3800000,0x00000000f43619d8,0x00000000f5180000)
  to   space 25088K, 0% used [0x00000000f7b00000,0x00000000f7b00000,0x00000000f9380000)
 ParOldGen       total 135168K, used 102683K [0x00000000a0000000, 0x00000000a8400000, 0x00000000e0000000)
  object space 135168K, 75% used [0x00000000a0000000,0x00000000a6446ea8,0x00000000a8400000)
 Metaspace       used 89529K, capacity 93817K, committed 93976K, reserved 1130496K
  class space    used 11417K, capacity 12228K, committed 12328K, reserved 1048576K
}
Event: 4019.081 GC heap before
{Heap before GC invocations=49 (full 3):
 PSYoungGen      total 345600K, used 331142K [0x00000000e0000000, 0x00000000f9380000, 0x0000000100000000)
  eden space 319488K, 100% used [0x00000000e0000000,0x00000000f3800000,0x00000000f3800000)
  from space 26112K, 44% used [0x00000000f3800000,0x00000000f43619d8,0x00000000f5180000)
  to   space 25088K, 0% used [0x00000000f7b00000,0x00000000f7b00000,0x00000000f9380000)
 ParOldGen       total 135168K, used 102683K [0x00000000a0000000, 0x00000000a8400000, 0x00000000e0000000)
  object space 135168K, 75% used [0x00000000a0000000,0x00000000a6446ea8,0x00000000a8400000)
 Metaspace       used 89533K, capacity 93817K, committed 93976K, reserved 1130496K
  class space    used 11417K, capacity 12228K, committed 12328K, reserved 1048576K
Event: 4019.199 GC heap after
Heap after GC invocations=49 (full 3):
 PSYoungGen      total 382976K, used 10608K [0x00000000e0000000, 0x00000000f9000000, 0x0000000100000000)
  eden space 361472K, 0% used [0x00000000e0000000,0x00000000e0000000,0x00000000f6100000)
  from space 21504K, 49% used [0x00000000f7b00000,0x00000000f855c0e8,0x00000000f9000000)
  to   space 24064K, 0% used [0x00000000f6100000,0x00000000f6100000,0x00000000f7880000)
 ParOldGen       total 135168K, used 113128K [0x00000000a0000000, 0x00000000a8400000, 0x00000000e0000000)
  object space 135168K, 83% used [0x00000000a0000000,0x00000000a6e7a3d8,0x00000000a8400000)
 Metaspace       used 89533K, capacity 93817K, committed 93976K, reserved 1130496K
  class space    used 11417K, capacity 12228K, committed 12328K, reserved 1048576K
}
Event: 4022.302 GC heap before
{Heap before GC invocations=50 (full 3):
 PSYoungGen      total 382976K, used 372080K [0x00000000e0000000, 0x00000000f9000000, 0x0000000100000000)
  eden space 361472K, 100% used [0x00000000e0000000,0x00000000f6100000,0x00000000f6100000)
  from space 21504K, 49% used [0x00000000f7b00000,0x00000000f855c0e8,0x00000000f9000000)
  to   space 24064K, 0% used [0x00000000f6100000,0x00000000f6100000,0x00000000f7880000)
 ParOldGen       total 135168K, used 113128K [0x00000000a0000000, 0x00000000a8400000, 0x00000000e0000000)
  object space 135168K, 83% used [0x00000000a0000000,0x00000000a6e7a3d8,0x00000000a8400000)
 Metaspace       used 89553K, capacity 93881K, committed 94232K, reserved 1130496K
  class space    used 11420K, capacity 12228K, committed 12328K, reserved 1048576K
Event: 4022.348 GC heap after
Heap after GC invocations=50 (full 3):
 PSYoungGen      total 385536K, used 8128K [0x00000000e0000000, 0x00000000fbb80000, 0x0000000100000000)
  eden space 361472K, 0% used [0x00000000e0000000,0x00000000e0000000,0x00000000f6100000)
  from space 24064K, 33% used [0x00000000f6100000,0x00000000f68f0040,0x00000000f7880000)
  to   space 24064K, 0% used [0x00000000fa400000,0x00000000fa400000,0x00000000fbb80000)
 ParOldGen       total 135168K, used 123047K [0x00000000a0000000, 0x00000000a8400000, 0x00000000e0000000)
  object space 135168K, 91% used [0x00000000a0000000,0x00000000a7829c70,0x00000000a8400000)
 Metaspace       used 89553K, capacity 93881K, committed 94232K, reserved 1130496K
  class space    used 11420K, capacity 12228K, committed 12328K, reserved 1048576K
}
Event: 4022.348 GC heap before
{Heap before GC invocations=51 (full 4):
 PSYoungGen      total 385536K, used 8128K [0x00000000e0000000, 0x00000000fbb80000, 0x0000000100000000)
  eden space 361472K, 0% used [0x00000000e0000000,0x00000000e0000000,0x00000000f6100000)
  from space 24064K, 33% used [0x00000000f6100000,0x00000000f68f0040,0x00000000f7880000)
  to   space 24064K, 0% used [0x00000000fa400000,0x00000000fa400000,0x00000000fbb80000)
 ParOldGen       total 135168K, used 123047K [0x00000000a0000000, 0x00000000a8400000, 0x00000000e0000000)
  object space 135168K, 91% used [0x00000000a0000000,0x00000000a7829c70,0x00000000a8400000)
 Metaspace       used 89553K, capacity 93881K, committed 94232K, reserved 1130496K
  class space    used 11420K, capacity 12228K, committed 12328K, reserved 1048576K

